<?xml version="1.0" encoding="UTF-8"?>
<testng-results skipped="0" failed="0" ignored="0" total="1" passed="1">
  <reporter-output>
  </reporter-output>
  <suite name="Default suite" duration-ms="3395" started-at="2018-04-10T08:29:29Z" finished-at="2018-04-10T08:29:32Z">
    <groups>
    </groups>
    <test name="Default test" duration-ms="3395" started-at="2018-04-10T08:29:29Z" finished-at="2018-04-10T08:29:32Z">
      <class name="Website_Test.mailer">
        <test-method status="PASS" signature="run()[pri:0, instance:Website_Test.mailer@10bdf5e5]" name="run" duration-ms="3375" started-at="2018-04-10T13:59:29Z" finished-at="2018-04-10T13:59:32Z">
          <reporter-output>
          </reporter-output>
        </test-method> <!-- run -->
      </class> <!-- Website_Test.mailer -->
    </test> <!-- Default test -->
  </suite> <!-- Default suite -->
</testng-results>
